<?xml version="1.0" encoding="UTF-8"?>
<!-- Generated by org.testng.reporters.JUnitXMLReporter -->
<testsuite ignored="0" hostname="Anubhuti" failures="0" tests="3" name="Account Page Test" time="3.772" errors="0" timestamp="2024-10-08T15:27:15 IST">
  <testcase classname="com.qa.opencart.test.AccountPageTest" name="acctPageTitleTest" time="0.021"/>
  <testcase classname="com.qa.opencart.test.AccountPageTest" name="isLogoutLinkExist" time="0.041"/>
  <testcase classname="com.qa.opencart.test.AccountPageTest" name="verifyAccountPageHeaders" time="0.132"/>
</testsuite> <!-- Account Page Test -->
