<?xml version="1.0" encoding="UTF-8"?>
<!-- Generated by org.testng.reporters.JUnitXMLReporter -->
<testsuite ignored="0" hostname="Anubhuti" failures="0" tests="7" name="Product Search Page Test" time="9.341" errors="0" timestamp="2024-10-02T22:12:23 IST">
  <testcase classname="com.qa.opencart.test.ProductSearchTest" name="productDataTest" time="1.248"/>
  <testcase classname="com.qa.opencart.test.ProductSearchTest" name="productImagesCountTest" time="0.792"/>
  <testcase classname="com.qa.opencart.test.ProductSearchTest" name="productImagesCountTest" time="0.736"/>
  <testcase classname="com.qa.opencart.test.ProductSearchTest" name="productImagesCountTest" time="0.821"/>
  <testcase classname="com.qa.opencart.test.ProductSearchTest" name="productSearchPage" time="0.734"/>
  <testcase classname="com.qa.opencart.test.ProductSearchTest" name="productSearchPage" time="0.716"/>
  <testcase classname="com.qa.opencart.test.ProductSearchTest" name="productSearchPage" time="0.685"/>
</testsuite> <!-- Product Search Page Test -->
