<?xml version="1.0" encoding="UTF-8"?>
<!-- Generated by org.testng.reporters.JUnitXMLReporter -->
<testsuite ignored="0" hostname="Anubhuti" failures="0" tests="3" name="Registration Page Test" time="8.264" errors="0" timestamp="2024-10-17T16:23:57 IST">
  <testcase classname="com.qa.opencart.test.RegisterTest" name="userRegistration" time="2.031"/>
  <testcase classname="com.qa.opencart.test.RegisterTest" name="userRegistration" time="1.679"/>
  <testcase classname="com.qa.opencart.test.RegisterTest" name="userRegistration" time="1.682"/>
</testsuite> <!-- Registration Page Test -->
