<?xml version="1.0" encoding="UTF-8"?>
<!-- Generated by org.testng.reporters.JUnitXMLReporter -->
<testsuite ignored="0" hostname="Anubhuti" failures="0" tests="3" name="Registration Page Test" time="8.407" errors="0" timestamp="2024-10-08T15:27:23 IST">
  <testcase classname="com.qa.opencart.test.RegisterTest" name="userRegistration" time="2.096"/>
  <testcase classname="com.qa.opencart.test.RegisterTest" name="userRegistration" time="1.878"/>
  <testcase classname="com.qa.opencart.test.RegisterTest" name="userRegistration" time="1.794"/>
</testsuite> <!-- Registration Page Test -->
