<?xml version="1.0" encoding="UTF-8"?>
<!-- Generated by org.testng.reporters.JUnitXMLReporter -->
<testsuite ignored="0" hostname="Anubhuti" failures="0" tests="4" name="Default test" time="5.953" errors="0" timestamp="2024-10-09T14:34:36 IST">
  <testcase classname="com.qa.opencart.test.LoginPageTest" name="forgotPwdLinkExistTest" time="0.175"/>
  <testcase classname="com.qa.opencart.test.LoginPageTest" name="loginPageTitleTest" time="0.008"/>
  <testcase classname="com.qa.opencart.test.LoginPageTest" name="loginPageUrlTest" time="0.009"/>
  <testcase classname="com.qa.opencart.test.LoginPageTest" name="loginTest" time="0.608"/>
</testsuite> <!-- Default test -->
