<?xml version="1.0" encoding="UTF-8"?>
<!-- Generated by org.testng.reporters.JUnitXMLReporter -->
<testsuite ignored="0" hostname="Anubhuti" failures="0" tests="3" name="Default test" time="9.372" errors="0" timestamp="2024-10-05T11:35:15 IST">
  <testcase classname="com.qa.opencart.test.RegisterTest" name="userRegistration" time="1.992"/>
  <testcase classname="com.qa.opencart.test.RegisterTest" name="userRegistration" time="1.975"/>
  <testcase classname="com.qa.opencart.test.RegisterTest" name="userRegistration" time="2.002"/>
</testsuite> <!-- Default test -->
