<?xml version="1.0" encoding="UTF-8"?>
<!-- Generated by org.testng.reporters.JUnitXMLReporter -->
<testsuite ignored="0" hostname="Anubhuti" failures="0" tests="3" name="Account Page Test" time="3.728" errors="0" timestamp="2024-10-17T17:54:04 IST">
  <testcase classname="com.qa.opencart.test.AccountPageTest" name="acctPageTitleTest" time="0.022"/>
  <testcase classname="com.qa.opencart.test.AccountPageTest" name="isLogoutLinkExist" time="0.026"/>
  <testcase classname="com.qa.opencart.test.AccountPageTest" name="verifyAccountPageHeaders" time="0.084"/>
</testsuite> <!-- Account Page Test -->
