<?xml version="1.0" encoding="UTF-8"?>
<!-- Generated by org.testng.reporters.JUnitXMLReporter -->
<testsuite ignored="0" hostname="Anubhuti" failures="0" tests="4" name="Login Page Test" time="3.804" errors="0" timestamp="2024-10-17T17:54:04 IST">
  <testcase classname="com.qa.opencart.test.LoginPageTest" name="forgotPwdLinkExistTest" time="0.108"/>
  <testcase classname="com.qa.opencart.test.LoginPageTest" name="loginPageTitleTest" time="0.017"/>
  <testcase classname="com.qa.opencart.test.LoginPageTest" name="loginPageUrlTest" time="0.017"/>
  <testcase classname="com.qa.opencart.test.LoginPageTest" name="loginTest" time="0.975"/>
</testsuite> <!-- Login Page Test -->
