<?xml version="1.0" encoding="UTF-8"?>
<!-- Generated by org.testng.reporters.JUnitXMLReporter -->
<testsuite ignored="0" hostname="Anubhuti" failures="0" tests="3" name="Registration Page Test" time="9.573" errors="0" timestamp="2024-10-18T11:56:19 IST">
  <testcase classname="com.qa.opencart.test.RegisterTest" name="userRegistration" time="2.345"/>
  <testcase classname="com.qa.opencart.test.RegisterTest" name="userRegistration" time="2.124"/>
  <testcase classname="com.qa.opencart.test.RegisterTest" name="userRegistration" time="1.904"/>
</testsuite> <!-- Registration Page Test -->
