<?xml version="1.0" encoding="UTF-8"?>
<!-- Generated by org.testng.reporters.JUnitXMLReporter -->
<testsuite ignored="0" hostname="Anubhuti" failures="0" tests="4" name="ChromeTest" time="4.273" errors="0" timestamp="2024-10-09T14:44:44 IST">
  <testcase classname="com.qa.opencart.test.LoginPageTest" name="forgotPwdLinkExistTest" time="0.08"/>
  <testcase classname="com.qa.opencart.test.LoginPageTest" name="loginPageTitleTest" time="0.016"/>
  <testcase classname="com.qa.opencart.test.LoginPageTest" name="loginPageUrlTest" time="0.015"/>
  <testcase classname="com.qa.opencart.test.LoginPageTest" name="loginTest" time="0.678"/>
</testsuite> <!-- ChromeTest -->
