<?xml version="1.0" encoding="UTF-8"?>
<!-- Generated by org.testng.reporters.JUnitXMLReporter -->
<testsuite ignored="0" hostname="Anubhuti" failures="0" tests="4" name="FirefoxTest" time="5.73" errors="0" timestamp="2024-10-09T14:44:45 IST">
  <testcase classname="com.qa.opencart.test.LoginPageTest" name="forgotPwdLinkExistTest" time="0.146"/>
  <testcase classname="com.qa.opencart.test.LoginPageTest" name="loginPageTitleTest" time="0.01"/>
  <testcase classname="com.qa.opencart.test.LoginPageTest" name="loginPageUrlTest" time="0.007"/>
  <testcase classname="com.qa.opencart.test.LoginPageTest" name="loginTest" time="0.689"/>
</testsuite> <!-- FirefoxTest -->
