<?xml version="1.0" encoding="UTF-8"?>
<testng-results ignored="0" total="17" passed="17" failed="0" skipped="0">
  <reporter-output>
  </reporter-output>
  <suite started-at="2024-10-17T17:54:00 IST" name="Opencart App Test Regression Suite" finished-at="2024-10-17T17:54:13 IST" duration-ms="12935">
    <groups>
    </groups>
    <test started-at="2024-10-17T17:54:00 IST" name="Account Page Test" finished-at="2024-10-17T17:54:04 IST" duration-ms="3728">
      <class name="com.qa.opencart.test.AccountPageTest">
        <test-method is-config="true" signature="setup()[pri:0, instance:com.qa.opencart.test.AccountPageTest@3382f8ae]" started-at="2024-10-17T17:54:00 IST" name="setup" finished-at="2024-10-17T17:54:03 IST" duration-ms="2375" status="PASS">
          <reporter-output>
          </reporter-output>
        </test-method> <!-- setup -->
        <test-method is-config="true" signature="accSetup()[pri:0, instance:com.qa.opencart.test.AccountPageTest@3382f8ae]" started-at="2024-10-17T17:54:03 IST" name="accSetup" finished-at="2024-10-17T17:54:04 IST" duration-ms="1084" status="PASS">
          <reporter-output>
          </reporter-output>
        </test-method> <!-- accSetup -->
        <test-method signature="acctPageTitleTest()[pri:0, instance:com.qa.opencart.test.AccountPageTest@3382f8ae]" started-at="2024-10-17T17:54:04 IST" name="acctPageTitleTest" finished-at="2024-10-17T17:54:04 IST" duration-ms="22" status="PASS">
          <reporter-output>
          </reporter-output>
        </test-method> <!-- acctPageTitleTest -->
        <test-method signature="isLogoutLinkExist()[pri:0, instance:com.qa.opencart.test.AccountPageTest@3382f8ae]" started-at="2024-10-17T17:54:04 IST" name="isLogoutLinkExist" finished-at="2024-10-17T17:54:04 IST" duration-ms="26" status="PASS">
          <reporter-output>
          </reporter-output>
        </test-method> <!-- isLogoutLinkExist -->
        <test-method signature="verifyAccountPageHeaders()[pri:0, instance:com.qa.opencart.test.AccountPageTest@3382f8ae]" started-at="2024-10-17T17:54:04 IST" name="verifyAccountPageHeaders" finished-at="2024-10-17T17:54:04 IST" duration-ms="84" status="PASS">
          <reporter-output>
          </reporter-output>
        </test-method> <!-- verifyAccountPageHeaders -->
        <test-method is-config="true" signature="tearDown()[pri:0, instance:com.qa.opencart.test.AccountPageTest@3382f8ae]" started-at="2024-10-17T17:54:04 IST" name="tearDown" finished-at="2024-10-17T17:54:04 IST" duration-ms="120" status="PASS">
          <reporter-output>
          </reporter-output>
        </test-method> <!-- tearDown -->
      </class> <!-- com.qa.opencart.test.AccountPageTest -->
    </test> <!-- Account Page Test -->
    <test started-at="2024-10-17T17:54:00 IST" name="Login Page Test" finished-at="2024-10-17T17:54:04 IST" duration-ms="3804">
      <class name="com.qa.opencart.test.LoginPageTest">
        <test-method is-config="true" signature="setup()[pri:0, instance:com.qa.opencart.test.LoginPageTest@1e7aa82b]" started-at="2024-10-17T17:54:00 IST" name="setup" finished-at="2024-10-17T17:54:03 IST" duration-ms="2479" status="PASS">
          <reporter-output>
          </reporter-output>
        </test-method> <!-- setup -->
        <test-method signature="forgotPwdLinkExistTest()[pri:0, instance:com.qa.opencart.test.LoginPageTest@1e7aa82b]" started-at="2024-10-17T17:54:03 IST" name="forgotPwdLinkExistTest" finished-at="2024-10-17T17:54:03 IST" duration-ms="108" status="PASS">
          <reporter-output>
          </reporter-output>
        </test-method> <!-- forgotPwdLinkExistTest -->
        <test-method signature="loginPageTitleTest()[pri:0, instance:com.qa.opencart.test.LoginPageTest@1e7aa82b]" started-at="2024-10-17T17:54:03 IST" name="loginPageTitleTest" finished-at="2024-10-17T17:54:03 IST" duration-ms="17" status="PASS">
          <reporter-output>
          </reporter-output>
        </test-method> <!-- loginPageTitleTest -->
        <test-method signature="loginPageUrlTest()[pri:0, instance:com.qa.opencart.test.LoginPageTest@1e7aa82b]" started-at="2024-10-17T17:54:03 IST" name="loginPageUrlTest" finished-at="2024-10-17T17:54:03 IST" duration-ms="17" status="PASS">
          <reporter-output>
          </reporter-output>
        </test-method> <!-- loginPageUrlTest -->
        <test-method signature="loginTest()[pri:0, instance:com.qa.opencart.test.LoginPageTest@1e7aa82b]" started-at="2024-10-17T17:54:03 IST" name="loginTest" finished-at="2024-10-17T17:54:04 IST" duration-ms="975" status="PASS">
          <reporter-output>
          </reporter-output>
        </test-method> <!-- loginTest -->
        <test-method is-config="true" signature="tearDown()[pri:0, instance:com.qa.opencart.test.LoginPageTest@1e7aa82b]" started-at="2024-10-17T17:54:04 IST" name="tearDown" finished-at="2024-10-17T17:54:04 IST" duration-ms="96" status="PASS">
          <reporter-output>
          </reporter-output>
        </test-method> <!-- tearDown -->
      </class> <!-- com.qa.opencart.test.LoginPageTest -->
    </test> <!-- Login Page Test -->
    <test started-at="2024-10-17T17:54:00 IST" name="Product Search Page Test" finished-at="2024-10-17T17:54:08 IST" duration-ms="7909">
      <class name="com.qa.opencart.test.ProductSearchTest">
        <test-method is-config="true" signature="setup()[pri:0, instance:com.qa.opencart.test.ProductSearchTest@42e3ede4]" started-at="2024-10-17T17:54:00 IST" name="setup" finished-at="2024-10-17T17:54:03 IST" duration-ms="2345" status="PASS">
          <reporter-output>
          </reporter-output>
        </test-method> <!-- setup -->
        <test-method is-config="true" signature="productSearchSetup()[pri:0, instance:com.qa.opencart.test.ProductSearchTest@42e3ede4]" started-at="2024-10-17T17:54:03 IST" name="productSearchSetup" finished-at="2024-10-17T17:54:04 IST" duration-ms="924" status="PASS">
          <reporter-output>
          </reporter-output>
        </test-method> <!-- productSearchSetup -->
        <test-method signature="productDataTest()[pri:0, instance:com.qa.opencart.test.ProductSearchTest@42e3ede4]" started-at="2024-10-17T17:54:04 IST" name="productDataTest" finished-at="2024-10-17T17:54:04 IST" duration-ms="944" status="PASS">
          <reporter-output>
          </reporter-output>
        </test-method> <!-- productDataTest -->
        <test-method signature="productImagesCountTest(java.lang.String,java.lang.String,int)[pri:0, instance:com.qa.opencart.test.ProductSearchTest@42e3ede4]" started-at="2024-10-17T17:54:04 IST" name="productImagesCountTest" data-provider="getProductInfo" finished-at="2024-10-17T17:54:05 IST" duration-ms="705" status="PASS">
          <params>
            <param index="0">
              <value>
                <![CDATA[Macbook]]>
              </value>
            </param>
            <param index="1">
              <value>
                <![CDATA[MacBook Air]]>
              </value>
            </param>
            <param index="2">
              <value>
                <![CDATA[4]]>
              </value>
            </param>
          </params>
          <reporter-output>
          </reporter-output>
        </test-method> <!-- productImagesCountTest -->
        <test-method signature="productImagesCountTest(java.lang.String,java.lang.String,int)[pri:0, instance:com.qa.opencart.test.ProductSearchTest@42e3ede4]" started-at="2024-10-17T17:54:05 IST" name="productImagesCountTest" data-provider="getProductInfo" finished-at="2024-10-17T17:54:06 IST" duration-ms="529" status="PASS">
          <params>
            <param index="0">
              <value>
                <![CDATA[Macbook]]>
              </value>
            </param>
            <param index="1">
              <value>
                <![CDATA[MacBook Pro]]>
              </value>
            </param>
            <param index="2">
              <value>
                <![CDATA[4]]>
              </value>
            </param>
          </params>
          <reporter-output>
          </reporter-output>
        </test-method> <!-- productImagesCountTest -->
        <test-method signature="productImagesCountTest(java.lang.String,java.lang.String,int)[pri:0, instance:com.qa.opencart.test.ProductSearchTest@42e3ede4]" started-at="2024-10-17T17:54:06 IST" name="productImagesCountTest" data-provider="getProductInfo" finished-at="2024-10-17T17:54:06 IST" duration-ms="610" status="PASS">
          <params>
            <param index="0">
              <value>
                <![CDATA[Samsung]]>
              </value>
            </param>
            <param index="1">
              <value>
                <![CDATA[Samsung SyncMaster 941BW]]>
              </value>
            </param>
            <param index="2">
              <value>
                <![CDATA[1]]>
              </value>
            </param>
          </params>
          <reporter-output>
          </reporter-output>
        </test-method> <!-- productImagesCountTest -->
        <test-method signature="productSearchPage(java.lang.String,java.lang.String)[pri:0, instance:com.qa.opencart.test.ProductSearchTest@42e3ede4]" started-at="2024-10-17T17:54:06 IST" name="productSearchPage" data-provider="getProductData" finished-at="2024-10-17T17:54:07 IST" duration-ms="560" status="PASS">
          <params>
            <param index="0">
              <value>
                <![CDATA[Macbook]]>
              </value>
            </param>
            <param index="1">
              <value>
                <![CDATA[MacBook Air]]>
              </value>
            </param>
          </params>
          <reporter-output>
          </reporter-output>
        </test-method> <!-- productSearchPage -->
        <test-method signature="productSearchPage(java.lang.String,java.lang.String)[pri:0, instance:com.qa.opencart.test.ProductSearchTest@42e3ede4]" started-at="2024-10-17T17:54:07 IST" name="productSearchPage" data-provider="getProductData" finished-at="2024-10-17T17:54:07 IST" duration-ms="623" status="PASS">
          <params>
            <param index="0">
              <value>
                <![CDATA[Macbook]]>
              </value>
            </param>
            <param index="1">
              <value>
                <![CDATA[MacBook Pro]]>
              </value>
            </param>
          </params>
          <reporter-output>
          </reporter-output>
        </test-method> <!-- productSearchPage -->
        <test-method signature="productSearchPage(java.lang.String,java.lang.String)[pri:0, instance:com.qa.opencart.test.ProductSearchTest@42e3ede4]" started-at="2024-10-17T17:54:07 IST" name="productSearchPage" data-provider="getProductData" finished-at="2024-10-17T17:54:08 IST" duration-ms="515" status="PASS">
          <params>
            <param index="0">
              <value>
                <![CDATA[Samsung]]>
              </value>
            </param>
            <param index="1">
              <value>
                <![CDATA[Samsung SyncMaster 941BW]]>
              </value>
            </param>
          </params>
          <reporter-output>
          </reporter-output>
        </test-method> <!-- productSearchPage -->
        <test-method is-config="true" signature="tearDown()[pri:0, instance:com.qa.opencart.test.ProductSearchTest@42e3ede4]" started-at="2024-10-17T17:54:08 IST" name="tearDown" finished-at="2024-10-17T17:54:08 IST" duration-ms="116" status="PASS">
          <reporter-output>
          </reporter-output>
        </test-method> <!-- tearDown -->
      </class> <!-- com.qa.opencart.test.ProductSearchTest -->
    </test> <!-- Product Search Page Test -->
    <test started-at="2024-10-17T17:54:04 IST" name="Registration Page Test" finished-at="2024-10-17T17:54:13 IST" duration-ms="8974">
      <class name="com.qa.opencart.test.RegisterTest">
        <test-method is-config="true" signature="setup()[pri:0, instance:com.qa.opencart.test.RegisterTest@30bcf3c1]" started-at="2024-10-17T17:54:04 IST" name="setup" finished-at="2024-10-17T17:54:07 IST" duration-ms="2728" status="PASS">
          <reporter-output>
          </reporter-output>
        </test-method> <!-- setup -->
        <test-method is-config="true" signature="regSetup()[pri:0, instance:com.qa.opencart.test.RegisterTest@30bcf3c1]" started-at="2024-10-17T17:54:07 IST" name="regSetup" finished-at="2024-10-17T17:54:07 IST" duration-ms="371" status="PASS">
          <reporter-output>
          </reporter-output>
        </test-method> <!-- regSetup -->
        <test-method signature="userRegistration(java.lang.String,java.lang.String,java.lang.String,java.lang.String,java.lang.String)[pri:0, instance:com.qa.opencart.test.RegisterTest@30bcf3c1]" started-at="2024-10-17T17:54:08 IST" name="userRegistration" data-provider="getRegisterExcelData" finished-at="2024-10-17T17:54:10 IST" duration-ms="1854" status="PASS">
          <params>
            <param index="0">
              <value>
                <![CDATA[tom1]]>
              </value>
            </param>
            <param index="1">
              <value>
                <![CDATA[automation1]]>
              </value>
            </param>
            <param index="2">
              <value>
                <![CDATA[5.68245981E9]]>
              </value>
            </param>
            <param index="3">
              <value>
                <![CDATA[riya@123]]>
              </value>
            </param>
            <param index="4">
              <value>
                <![CDATA[yes]]>
              </value>
            </param>
          </params>
          <reporter-output>
          </reporter-output>
        </test-method> <!-- userRegistration -->
        <test-method signature="userRegistration(java.lang.String,java.lang.String,java.lang.String,java.lang.String,java.lang.String)[pri:0, instance:com.qa.opencart.test.RegisterTest@30bcf3c1]" started-at="2024-10-17T17:54:10 IST" name="userRegistration" data-provider="getRegisterExcelData" finished-at="2024-10-17T17:54:11 IST" duration-ms="1726" status="PASS">
          <params>
            <param index="0">
              <value>
                <![CDATA[tom2]]>
              </value>
            </param>
            <param index="1">
              <value>
                <![CDATA[automation2]]>
              </value>
            </param>
            <param index="2">
              <value>
                <![CDATA[5.682459811E9]]>
              </value>
            </param>
            <param index="3">
              <value>
                <![CDATA[riya@124]]>
              </value>
            </param>
            <param index="4">
              <value>
                <![CDATA[no]]>
              </value>
            </param>
          </params>
          <reporter-output>
          </reporter-output>
        </test-method> <!-- userRegistration -->
        <test-method signature="userRegistration(java.lang.String,java.lang.String,java.lang.String,java.lang.String,java.lang.String)[pri:0, instance:com.qa.opencart.test.RegisterTest@30bcf3c1]" started-at="2024-10-17T17:54:11 IST" name="userRegistration" data-provider="getRegisterExcelData" finished-at="2024-10-17T17:54:13 IST" duration-ms="1731" status="PASS">
          <params>
            <param index="0">
              <value>
                <![CDATA[tom3]]>
              </value>
            </param>
            <param index="1">
              <value>
                <![CDATA[automation3]]>
              </value>
            </param>
            <param index="2">
              <value>
                <![CDATA[5.682459812E9]]>
              </value>
            </param>
            <param index="3">
              <value>
                <![CDATA[riya@125]]>
              </value>
            </param>
            <param index="4">
              <value>
                <![CDATA[yes]]>
              </value>
            </param>
          </params>
          <reporter-output>
          </reporter-output>
        </test-method> <!-- userRegistration -->
        <test-method is-config="true" signature="tearDown()[pri:0, instance:com.qa.opencart.test.RegisterTest@30bcf3c1]" started-at="2024-10-17T17:54:13 IST" name="tearDown" finished-at="2024-10-17T17:54:13 IST" duration-ms="137" status="PASS">
          <reporter-output>
          </reporter-output>
        </test-method> <!-- tearDown -->
      </class> <!-- com.qa.opencart.test.RegisterTest -->
    </test> <!-- Registration Page Test -->
  </suite> <!-- Opencart App Test Regression Suite -->
</testng-results>
