<?xml version="1.0" encoding="UTF-8"?>
<testsuite xmlns:xsi="http://www.w3.org/2001/XMLSchema-instance" xsi:noNamespaceSchemaLocation="https://maven.apache.org/surefire/maven-surefire-plugin/xsd/surefire-test-report.xsd" name="TestSuite" time="13.627" tests="17" errors="0" skipped="0" failures="0">
  <properties>
[...]
</properties>
  <testcase name="forgotPwdLinkExistTest" classname="com.qa.opencart.test.LoginPageTest" time="0.187"/>
  <testcase name="loginPageTitleTest" classname="com.qa.opencart.test.LoginPageTest" time="0.019"/>
  <testcase name="loginPageUrlTest" classname="com.qa.opencart.test.LoginPageTest" time="0.02"/>
  <testcase name="acctPageTitleTest" classname="com.qa.opencart.test.AccountPageTest" time="0.022"/>
  <testcase name="isLogoutLinkExist" classname="com.qa.opencart.test.AccountPageTest" time="0.028"/>
  <testcase name="verifyAccountPageHeaders" classname="com.qa.opencart.test.AccountPageTest" time="0.085"/>
  <testcase name="loginTest" classname="com.qa.opencart.test.LoginPageTest" time="0.184"/>
  <testcase name="productDataTest" classname="com.qa.opencart.test.ProductSearchTest" time="0.719"/>
  <testcase name="productImagesCountTest" classname="com.qa.opencart.test.ProductSearchTest" time="0.706"/>
  <testcase name="productImagesCountTest" classname="com.qa.opencart.test.ProductSearchTest" time="0.53"/>
  <testcase name="productImagesCountTest" classname="com.qa.opencart.test.ProductSearchTest" time="0.611"/>
  <testcase name="productSearchPage" classname="com.qa.opencart.test.ProductSearchTest" time="0.56"/>
  <testcase name="productSearchPage" classname="com.qa.opencart.test.ProductSearchTest" time="0.623"/>
  <testcase name="productSearchPage" classname="com.qa.opencart.test.ProductSearchTest" time="0.326"/>
  <testcase name="userRegistration" classname="com.qa.opencart.test.RegisterTest" time="1.866"/>
  <testcase name="userRegistration" classname="com.qa.opencart.test.RegisterTest" time="1.732"/>
  <testcase name="userRegistration" classname="com.qa.opencart.test.RegisterTest" time="1.734"/>
</testsuite>