<?xml version="1.0" encoding="UTF-8"?>
<testng-results ignored="0" total="3" passed="3" failed="0" skipped="0">
  <reporter-output>
  </reporter-output>
  <suite started-at="2024-10-17T17:50:01 IST" name="Default suite" finished-at="2024-10-17T17:50:11 IST" duration-ms="9769">
    <groups>
    </groups>
    <test started-at="2024-10-17T17:50:01 IST" name="Default test" finished-at="2024-10-17T17:50:11 IST" duration-ms="9769">
      <class name="com.qa.opencart.test.RegisterTest">
        <test-method is-config="true" signature="setup()[pri:0, instance:com.qa.opencart.test.RegisterTest@7b205dbd]" started-at="2024-10-17T17:50:01 IST" name="setup" finished-at="2024-10-17T17:50:04 IST" duration-ms="3102" status="PASS">
          <reporter-output>
          </reporter-output>
        </test-method> <!-- setup -->
        <test-method is-config="true" signature="regSetup()[pri:0, instance:com.qa.opencart.test.RegisterTest@7b205dbd]" started-at="2024-10-17T17:50:04 IST" name="regSetup" finished-at="2024-10-17T17:50:05 IST" duration-ms="702" status="PASS">
          <reporter-output>
          </reporter-output>
        </test-method> <!-- regSetup -->
        <test-method signature="userRegistration(java.lang.String,java.lang.String,java.lang.String,java.lang.String,java.lang.String)[pri:0, instance:com.qa.opencart.test.RegisterTest@7b205dbd]" started-at="2024-10-17T17:50:05 IST" name="userRegistration" data-provider="getRegisterExcelData" finished-at="2024-10-17T17:50:07 IST" duration-ms="1997" status="PASS">
          <params>
            <param index="0">
              <value>
                <![CDATA[tom1]]>
              </value>
            </param>
            <param index="1">
              <value>
                <![CDATA[automation1]]>
              </value>
            </param>
            <param index="2">
              <value>
                <![CDATA[5.68245981E9]]>
              </value>
            </param>
            <param index="3">
              <value>
                <![CDATA[riya@123]]>
              </value>
            </param>
            <param index="4">
              <value>
                <![CDATA[yes]]>
              </value>
            </param>
          </params>
          <reporter-output>
          </reporter-output>
        </test-method> <!-- userRegistration -->
        <test-method signature="userRegistration(java.lang.String,java.lang.String,java.lang.String,java.lang.String,java.lang.String)[pri:0, instance:com.qa.opencart.test.RegisterTest@7b205dbd]" started-at="2024-10-17T17:50:07 IST" name="userRegistration" data-provider="getRegisterExcelData" finished-at="2024-10-17T17:50:09 IST" duration-ms="1733" status="PASS">
          <params>
            <param index="0">
              <value>
                <![CDATA[tom2]]>
              </value>
            </param>
            <param index="1">
              <value>
                <![CDATA[automation2]]>
              </value>
            </param>
            <param index="2">
              <value>
                <![CDATA[5.682459811E9]]>
              </value>
            </param>
            <param index="3">
              <value>
                <![CDATA[riya@124]]>
              </value>
            </param>
            <param index="4">
              <value>
                <![CDATA[no]]>
              </value>
            </param>
          </params>
          <reporter-output>
          </reporter-output>
        </test-method> <!-- userRegistration -->
        <test-method signature="userRegistration(java.lang.String,java.lang.String,java.lang.String,java.lang.String,java.lang.String)[pri:0, instance:com.qa.opencart.test.RegisterTest@7b205dbd]" started-at="2024-10-17T17:50:09 IST" name="userRegistration" data-provider="getRegisterExcelData" finished-at="2024-10-17T17:50:10 IST" duration-ms="1736" status="PASS">
          <params>
            <param index="0">
              <value>
                <![CDATA[tom3]]>
              </value>
            </param>
            <param index="1">
              <value>
                <![CDATA[automation3]]>
              </value>
            </param>
            <param index="2">
              <value>
                <![CDATA[5.682459812E9]]>
              </value>
            </param>
            <param index="3">
              <value>
                <![CDATA[riya@125]]>
              </value>
            </param>
            <param index="4">
              <value>
                <![CDATA[yes]]>
              </value>
            </param>
          </params>
          <reporter-output>
          </reporter-output>
        </test-method> <!-- userRegistration -->
        <test-method is-config="true" signature="tearDown()[pri:0, instance:com.qa.opencart.test.RegisterTest@7b205dbd]" started-at="2024-10-17T17:50:10 IST" name="tearDown" finished-at="2024-10-17T17:50:11 IST" duration-ms="145" status="PASS">
          <reporter-output>
          </reporter-output>
        </test-method> <!-- tearDown -->
      </class> <!-- com.qa.opencart.test.RegisterTest -->
    </test> <!-- Default test -->
  </suite> <!-- Default suite -->
</testng-results>
