<?xml version="1.0" encoding="UTF-8"?>
<testng-results ignored="0" total="3" passed="3" failed="0" skipped="0">
  <reporter-output>
  </reporter-output>
  <suite started-at="2024-10-18T12:11:28 IST" name="Default suite" finished-at="2024-10-18T12:11:36 IST" duration-ms="7927">
    <groups>
    </groups>
    <test started-at="2024-10-18T12:11:28 IST" name="Default test" finished-at="2024-10-18T12:11:36 IST" duration-ms="7927">
      <class name="com.qa.opencart.test.RegisterTest">
        <test-method is-config="true" signature="setup()[pri:0, instance:com.qa.opencart.test.RegisterTest@7b205dbd]" started-at="2024-10-18T12:11:28 IST" name="setup" finished-at="2024-10-18T12:11:30 IST" duration-ms="1930" status="PASS">
          <reporter-output>
          </reporter-output>
        </test-method> <!-- setup -->
        <test-method is-config="true" signature="regSetup()[pri:0, instance:com.qa.opencart.test.RegisterTest@7b205dbd]" started-at="2024-10-18T12:11:30 IST" name="regSetup" finished-at="2024-10-18T12:11:31 IST" duration-ms="404" status="PASS">
          <reporter-output>
          </reporter-output>
        </test-method> <!-- regSetup -->
        <test-method signature="userRegistration(java.lang.String,java.lang.String,java.lang.String,java.lang.String,java.lang.String)[pri:0, instance:com.qa.opencart.test.RegisterTest@7b205dbd]" started-at="2024-10-18T12:11:31 IST" name="userRegistration" data-provider="getRegisterExcelData" finished-at="2024-10-18T12:11:33 IST" duration-ms="1832" status="PASS">
          <params>
            <param index="0">
              <value>
                <![CDATA[tom1]]>
              </value>
            </param>
            <param index="1">
              <value>
                <![CDATA[automation1]]>
              </value>
            </param>
            <param index="2">
              <value>
                <![CDATA[5.68245981E9]]>
              </value>
            </param>
            <param index="3">
              <value>
                <![CDATA[riya@123]]>
              </value>
            </param>
            <param index="4">
              <value>
                <![CDATA[yes]]>
              </value>
            </param>
          </params>
          <reporter-output>
          </reporter-output>
        </test-method> <!-- userRegistration -->
        <test-method signature="userRegistration(java.lang.String,java.lang.String,java.lang.String,java.lang.String,java.lang.String)[pri:0, instance:com.qa.opencart.test.RegisterTest@7b205dbd]" started-at="2024-10-18T12:11:33 IST" name="userRegistration" data-provider="getRegisterExcelData" finished-at="2024-10-18T12:11:34 IST" duration-ms="1610" status="PASS">
          <params>
            <param index="0">
              <value>
                <![CDATA[tom2]]>
              </value>
            </param>
            <param index="1">
              <value>
                <![CDATA[automation2]]>
              </value>
            </param>
            <param index="2">
              <value>
                <![CDATA[5.682459811E9]]>
              </value>
            </param>
            <param index="3">
              <value>
                <![CDATA[riya@124]]>
              </value>
            </param>
            <param index="4">
              <value>
                <![CDATA[no]]>
              </value>
            </param>
          </params>
          <reporter-output>
          </reporter-output>
        </test-method> <!-- userRegistration -->
        <test-method signature="userRegistration(java.lang.String,java.lang.String,java.lang.String,java.lang.String,java.lang.String)[pri:0, instance:com.qa.opencart.test.RegisterTest@7b205dbd]" started-at="2024-10-18T12:11:34 IST" name="userRegistration" data-provider="getRegisterExcelData" finished-at="2024-10-18T12:11:36 IST" duration-ms="1650" status="PASS">
          <params>
            <param index="0">
              <value>
                <![CDATA[tom3]]>
              </value>
            </param>
            <param index="1">
              <value>
                <![CDATA[automation3]]>
              </value>
            </param>
            <param index="2">
              <value>
                <![CDATA[5.682459812E9]]>
              </value>
            </param>
            <param index="3">
              <value>
                <![CDATA[riya@125]]>
              </value>
            </param>
            <param index="4">
              <value>
                <![CDATA[yes]]>
              </value>
            </param>
          </params>
          <reporter-output>
          </reporter-output>
        </test-method> <!-- userRegistration -->
        <test-method is-config="true" signature="tearDown()[pri:0, instance:com.qa.opencart.test.RegisterTest@7b205dbd]" started-at="2024-10-18T12:11:36 IST" name="tearDown" finished-at="2024-10-18T12:11:36 IST" duration-ms="139" status="PASS">
          <reporter-output>
          </reporter-output>
        </test-method> <!-- tearDown -->
      </class> <!-- com.qa.opencart.test.RegisterTest -->
    </test> <!-- Default test -->
  </suite> <!-- Default suite -->
</testng-results>
